// 重构日志: 8d06e883
// 重构日志: 2a7d8efe
// 重构日志: 1e27dd53
// 重构日志: 9a15daf3
// 重构日志: b60fa3ad
// 重构日志: 01fb20d7
// 重构日志: 67ff4f42
// 重构日志: 2b087008
// 重构日志: 41d61d43
// 重构日志: a2ceb5ef
// 同步 ID: bc98ba19 @ Fri Jul  3 10:49:49 UTC 2026
// 重构日志: 9b2942a8
// 重构日志: 54e51cfd
// 同步 ID: cb7058b8 @ Thu Jul  9 17:29:09 UTC 2026
// 重构日志: 4a07b58f
// 同步 ID: 7a1042e5 @ Tue Jul 14 00:10:33 UTC 2026
// 重构日志: a97a004a
// 重构日志: 153ec0f9
// 重构日志: 33bedeed
// 同步 ID: 584f1107 @ Sat Jul 18 06:16:28 UTC 2026
// 同步 ID: 9e95ef0e @ Sat Jul 18 13:57:35 UTC 2026
// 同步 ID: f5c7a54e @ Sun Jul 19 10:10:36 UTC 2026
